{"C:\\Users\\pc\\Documents\\GitHub\\carpaccio-benzaouia-luna\\app\\src\\functions.js": {"path":"C:\\Users\\pc\\Documents\\GitHub\\carpaccio-benzaouia-luna\\app\\src\\functions.js","statementMap":{"0":{"start":{"line":6,"column":20},"end":{"line":6,"column":21}},"1":{"start":{"line":7,"column":8},"end":{"line":17,"column":9}},"2":{"start":{"line":8,"column":12},"end":{"line":12,"column":14}},"3":{"start":{"line":9,"column":16},"end":{"line":11,"column":17}},"4":{"start":{"line":10,"column":20},"end":{"line":10,"column":55}},"5":{"start":{"line":13,"column":12},"end":{"line":13,"column":25}},"6":{"start":{"line":16,"column":12},"end":{"line":16,"column":22}},"7":{"start":{"line":20,"column":0},"end":{"line":20,"column":21}}},"fnMap":{"0":{"name":"(anonymous_0)","decl":{"start":{"line":5,"column":4},"end":{"line":5,"column":5}},"loc":{"start":{"line":5,"column":42},"end":{"line":18,"column":1}},"line":5},"1":{"name":"(anonymous_1)","decl":{"start":{"line":8,"column":28},"end":{"line":8,"column":29}},"loc":{"start":{"line":8,"column":48},"end":{"line":12,"column":13}},"line":8}},"branchMap":{"0":{"loc":{"start":{"line":7,"column":8},"end":{"line":17,"column":9}},"type":"if","locations":[{"start":{"line":7,"column":8},"end":{"line":17,"column":9}},{"start":{"line":7,"column":8},"end":{"line":17,"column":9}}],"line":7},"1":{"loc":{"start":{"line":9,"column":16},"end":{"line":11,"column":17}},"type":"if","locations":[{"start":{"line":9,"column":16},"end":{"line":11,"column":17}},{"start":{"line":9,"column":16},"end":{"line":11,"column":17}}],"line":9},"2":{"loc":{"start":{"line":9,"column":19},"end":{"line":9,"column":57}},"type":"binary-expr","locations":[{"start":{"line":9,"column":19},"end":{"line":9,"column":30}},{"start":{"line":9,"column":34},"end":{"line":9,"column":57}}],"line":9}},"s":{"0":5,"1":5,"2":4,"3":8,"4":6,"5":4,"6":1,"7":1},"f":{"0":5,"1":8},"b":{"0":[4,1],"1":[6,2],"2":[8,7]},"_coverageSchema":"1a1c01bbd47fc00a2c39e90264f33305004495a9","hash":"bf94ebfc1830f5dc362b8aff1f50531c192f7e44"}
}
